

Started GET "/" for ::1 at 2015-02-12 18:03:33 -0200
Processing by Rails::WelcomeController#index as HTML
  Rendered /Users/developer/.rbenv/versions/2.2.0/lib/ruby/gems/2.2.0/gems/railties-4.2.0/lib/rails/templates/rails/welcome/index.html.erb (6.6ms)
Completed 200 OK in 65ms (Views: 45.7ms | ActiveRecord: 0.0ms)
  [1m[36m (1.6ms)[0m  [1mCREATE TABLE "schema_migrations" ("version" varchar NOT NULL) [0m
  [1m[35m (0.1ms)[0m  select sqlite_version(*)
  [1m[36m (1.7ms)[0m  [1mCREATE UNIQUE INDEX "unique_schema_migrations" ON "schema_migrations" ("version")[0m
  [1m[35mActiveRecord::SchemaMigration Load (0.1ms)[0m  SELECT "schema_migrations".* FROM "schema_migrations"


Started GET "/" for ::1 at 2015-02-12 18:21:36 -0200
Processing by WelcomeController#index as HTML
  Rendered welcome/index.html.erb within layouts/application (0.5ms)
Completed 200 OK in 2183ms (Views: 2182.3ms | ActiveRecord: 0.0ms)


Started GET "/assets/welcome-64e62ddc273c2f5847f30d698ca14b67.css?body=1" for ::1 at 2015-02-12 18:21:39 -0200


Started GET "/assets/application-5266d2988799ecc8fe6e81eaab412e7d.css?body=1" for ::1 at 2015-02-12 18:21:39 -0200


Started GET "/assets/jquery-87424c3c19e96d4fb033c10ebe21ec40.js?body=1" for ::1 at 2015-02-12 18:21:39 -0200


Started GET "/assets/welcome-fcec5b5a277ac7c20cc9f45a209a3bcd.js?body=1" for ::1 at 2015-02-12 18:21:39 -0200


Started GET "/assets/jquery_ujs-e27bd20a10d28155845a22d71ef94f2f.js?body=1" for ::1 at 2015-02-12 18:21:39 -0200


Started GET "/assets/turbolinks-da8ddad9c2c5483d4c5c30c1ce325253.js?body=1" for ::1 at 2015-02-12 18:21:39 -0200


Started GET "/assets/application-79e1233a68e5fdd328d8a2ea17ddef8a.js?body=1" for ::1 at 2015-02-12 18:21:39 -0200


Started GET "/" for ::1 at 2015-02-12 18:38:35 -0200
Processing by Rails::WelcomeController#index as HTML
  Rendered /Users/developer/.rbenv/versions/2.2.0/lib/ruby/gems/2.2.0/gems/railties-4.2.0/lib/rails/templates/rails/welcome/index.html.erb (0.1ms)
Completed 200 OK in 41ms (Views: 40.1ms | ActiveRecord: 0.0ms)


Started GET "/" for ::1 at 2015-02-12 18:42:15 -0200
Processing by Rails::WelcomeController#index as HTML
  Rendered /Users/developer/.rbenv/versions/2.2.0/lib/ruby/gems/2.2.0/gems/railties-4.2.0/lib/rails/templates/rails/welcome/index.html.erb (5.8ms)
Completed 200 OK in 112ms (Views: 87.3ms | ActiveRecord: 0.0ms)


Started GET "/" for ::1 at 2015-02-12 18:42:42 -0200
Processing by WelcomeController#index as HTML
  Rendered welcome/index.html.erb within layouts/application (0.3ms)
Completed 200 OK in 182ms (Views: 180.9ms | ActiveRecord: 0.0ms)


Started GET "/" for ::1 at 2015-02-12 18:45:55 -0200
Processing by WelcomeController#index as HTML
  Rendered welcome/index.html.erb within layouts/application (0.1ms)
Completed 200 OK in 458ms (Views: 457.2ms | ActiveRecord: 0.0ms)


Started GET "/assets/articles-fcec5b5a277ac7c20cc9f45a209a3bcd.js?body=1" for ::1 at 2015-02-12 18:45:56 -0200


Started GET "/assets/articles-64e62ddc273c2f5847f30d698ca14b67.css?body=1" for ::1 at 2015-02-12 18:45:56 -0200


Started GET "/assets/application-322efd85de1e19784a5dc35312bc9882.js?body=1" for ::1 at 2015-02-12 18:45:56 -0200


Started GET "/articles/new" for ::1 at 2015-02-12 18:46:00 -0200
Processing by ArticlesController#new as HTML
  Rendered articles/new.html.erb within layouts/application (0.4ms)
Completed 200 OK in 59ms (Views: 58.4ms | ActiveRecord: 0.0ms)


Started GET "/articles/new" for ::1 at 2015-02-12 18:48:03 -0200
Processing by ArticlesController#new as HTML
  Rendered articles/new.html.erb within layouts/application (81.4ms)
Completed 200 OK in 131ms (Views: 130.4ms | ActiveRecord: 0.0ms)
